<?xml version="1.0" encoding="UTF-8"?>
<!-- Generated by org.testng.reporters.JUnitXMLReporter -->
<testsuite hostname="LE-PF1EPTKS" ignored="0" name="Automation Practice Test Cases" tests="27" failures="2" timestamp="08 Mar 2020 00:21:55 GMT" time="560.732" errors="0">
  <testcase name="verifyPageTitleTest" time="0.015" classname="com.automation.qa.testcases.LoginPageTest"/>
  <testcase name="verifyHomePageTitleTest" time="0.011" classname="com.automation.qa.testcases.HomePageTest"/>
  <testcase name="verifyPageTitle" time="0.009" classname="com.automation.qa.testcases.SearchPageTest"/>
  <testcase name="verifyOrderPageTitleTest" time="0.008" classname="com.automation.qa.testcases.SelectAndCheckoutPageTest"/>
  <testcase name="verifyOrderHistoryExistTest" time="0.064" classname="com.automation.qa.testcases.OrderHistoryPageTest"/>
  <testcase name="verifyLogoDisplayTest" time="0.039" classname="com.automation.qa.testcases.LoginPageTest"/>
  <testcase name="verifyUserAccountNameTest" time="0.037" classname="com.automation.qa.testcases.HomePageTest"/>
  <testcase name="verifySearchBoxPresentTest" time="0.037" classname="com.automation.qa.testcases.SearchPageTest"/>
  <testcase name="validateSelectedItemTest" time="0.039" classname="com.automation.qa.testcases.SelectAndCheckoutPageTest"/>
  <testcase name="verifyMyWishlistExistTest" time="0.048" classname="com.automation.qa.testcases.OrderHistoryPageTest"/>
  <testcase name="verifyLoginTest" time="2.848" classname="com.automation.qa.testcases.LoginPageTest"/>
  <testcase name="verifyMyCartLinkTest" time="0.041" classname="com.automation.qa.testcases.HomePageTest"/>
  <testcase name="verifyEnterSearchTextTest" time="0.03" classname="com.automation.qa.testcases.SearchPageTest"/>
  <testcase name="verifyAddressPresentTest" time="0.042" classname="com.automation.qa.testcases.SelectAndCheckoutPageTest"/>
  <testcase name="verifyAddressExistTest" time="0.048" classname="com.automation.qa.testcases.OrderHistoryPageTest"/>
  <testcase name="verifyInvalidLoginAndCaptureScreenshotTest" time="3.154" classname="com.automation.qa.testcases.LoginPageTest"/>
  <testcase name="verifyLogoutLinkTest" time="0.05" classname="com.automation.qa.testcases.HomePageTest"/>
  <testcase name="verifySearchResultNotNullTest" time="20.068" classname="com.automation.qa.testcases.SearchPageTest"/>
  <testcase name="verifyConfirmationMessageTest" time="5.337" classname="com.automation.qa.testcases.SelectAndCheckoutPageTest"/>
  <testcase name="verifyMyInformationExistTest" time="0.032" classname="com.automation.qa.testcases.OrderHistoryPageTest"/>
  <testcase name="verifyLoggingOutTest" time="1.869" classname="com.automation.qa.testcases.HomePageTest"/>
  <testcase name="verifyResultTextTest" time="0.03" classname="com.automation.qa.testcases.SearchPageTest"/>
  <testcase name="verifyOrderHistoryNotEmptyTest" time="0.019" classname="com.automation.qa.testcases.OrderHistoryPageTest"/>
  <testcase name="verifySearchTextTest" time="0.045" classname="com.automation.qa.testcases.HomePageTest"/>
  <testcase name="verifyPageTitleTest" time="0.01" classname="com.automation.qa.testcases.OrderHistoryPageTest">
    <failure type="java.lang.AssertionError" message="expected [Order history - My Store] but found []">
      <![CDATA[java.lang.AssertionError: expected [Order history - My Store] but found []
at com.automation.qa.testcases.OrderHistoryPageTest.verifyPageTitleTest(OrderHistoryPageTest.java:93)
at java.util.concurrent.ThreadPoolExecutor.runWorker(Unknown Source)
at java.util.concurrent.ThreadPoolExecutor$Worker.run(Unknown Source)
at java.lang.Thread.run(Unknown Source)
... Removed 16 stack frames]]>
    </failure>
  </testcase> <!-- verifyPageTitleTest -->
  <testcase name="verifyDownloadInvoiceTest" time="3.721" classname="com.automation.qa.testcases.OrderHistoryPageTest">
    <failure type="java.lang.AssertionError" message="expected [true] but found [false]">
      <![CDATA[java.lang.AssertionError: expected [true] but found [false]
at com.automation.qa.testcases.OrderHistoryPageTest.verifyDownloadInvoiceTest(OrderHistoryPageTest.java:105)
at java.util.concurrent.ThreadPoolExecutor.runWorker(Unknown Source)
at java.util.concurrent.ThreadPoolExecutor$Worker.run(Unknown Source)
at java.lang.Thread.run(Unknown Source)
... Removed 14 stack frames]]>
    </failure>
  </testcase> <!-- verifyDownloadInvoiceTest -->
  <testcase name="verifyDownloadInvoiceNotEmptyTest" time="3.834" classname="com.automation.qa.testcases.OrderHistoryPageTest"/>
</testsuite> <!-- Automation Practice Test Cases -->
